hivesdk/build/intermediates/manifest_merge_blame_file/debug/manifest-merger-blame-debug-report.txt
1<?xml version="1.0" encoding="utf-8"?>
2<manifest xmlns:android="http://schemas.android.com/apk/res/android"
3    xmlns:tools="http://schemas.android.com/tools"
4    package="com.istnetworks.hivesdk"
5    android:versionCode="1"
6    android:versionName="1.0" >
7
8    <uses-sdk
9        android:minSdkVersion="23"
9-->src\main\AndroidManifest.xml
10        android:targetSdkVersion="30" />
10-->src\main\AndroidManifest.xml
11
12    <uses-permission android:name="android.permission.INTERNET" />
12-->src\main\AndroidManifest.xml:5:5-66
12-->src\main\AndroidManifest.xml:5:22-64
13
14    <application
14-->src\main\AndroidManifest.xml:7:5-27:19
15        android:name="com.istnetworks.hivesdk.presentation.HiveSdkApp"
15-->src\main\AndroidManifest.xml:8:9-48
16        android:allowBackup="true"
16-->src\main\AndroidManifest.xml:9:9-35
17        android:hardwareAccelerated="false"
17-->src\main\AndroidManifest.xml:15:9-44
18        android:icon="@mipmap/ic_launcher"
18-->src\main\AndroidManifest.xml:10:9-43
19        android:label="@string/app_name"
19-->src\main\AndroidManifest.xml:11:9-41
20        android:largeHeap="true"
20-->src\main\AndroidManifest.xml:18:9-33
21        android:networkSecurityConfig="@xml/network_security_config"
21-->src\main\AndroidManifest.xml:16:9-69
22        android:roundIcon="@mipmap/ic_launcher_round"
22-->src\main\AndroidManifest.xml:12:9-54
23        android:supportsRtl="true"
23-->src\main\AndroidManifest.xml:13:9-35
24        android:theme="@style/Theme.HiveSDK"
24-->src\main\AndroidManifest.xml:17:9-45
25        android:usesCleartextTraffic="true"
25-->src\main\AndroidManifest.xml:14:9-44
26        tools:targetApi="n" >
26-->src\main\AndroidManifest.xml:19:9-28
27        <activity android:name="com.istnetworks.hivesdk.presentation.SurveyActivity" >
27-->src\main\AndroidManifest.xml:20:9-26:20
27-->src\main\AndroidManifest.xml:20:19-62
28            <intent-filter>
28-->src\main\AndroidManifest.xml:21:13-25:29
29                <action android:name="android.intent.action.MAIN" />
29-->src\main\AndroidManifest.xml:22:17-69
29-->src\main\AndroidManifest.xml:22:25-66
30
31                <category android:name="android.intent.category.LAUNCHER" />
31-->src\main\AndroidManifest.xml:24:17-77
31-->src\main\AndroidManifest.xml:24:27-74
32            </intent-filter>
33        </activity>
34    </application>
35
36</manifest>